<?xml version="1.0" encoding="UTF-8"?>
<!-- Generated by org.testng.reporters.JUnitXMLReporter -->
<testsuite ignored="0" hostname="Viveks-MacBook-Pro.local" failures="0" tests="9" name="FreeCRMApplicationTestCases" time="64.516" errors="0" timestamp="08 Aug 2022 18:41:13 GMT">
  <testcase classname="com.crm.qa.testcases.LoginPageTest" name="loginPageTitleTest" time="0.042"/>
  <testcase classname="com.crm.qa.testcases.HomePageTest" name="verifyHomePageTitleTest" time="0.014"/>
  <testcase classname="com.crm.qa.testcases.ContactsPageTest" name="verifyContactsPageLabel" time="0.068"/>
  <testcase classname="com.crm.qa.testcases.LoginPageTest" name="crmLogoImagetest" time="2.107"/>
  <testcase classname="com.crm.qa.testcases.HomePageTest" name="verifyUserNameTest" time="0.054"/>
  <testcase classname="com.crm.qa.testcases.ContactsPageTest" name="selectSingleContactsTest" time="0.083"/>
  <testcase classname="com.crm.qa.testcases.LoginPageTest" name="loginTest" time="4.116"/>
  <testcase classname="com.crm.qa.testcases.HomePageTest" name="verifyContactsLinkTest" time="0.733"/>
  <testcase classname="com.crm.qa.testcases.ContactsPageTest" name="selectMultipleContactsTest" time="0.146"/>
</testsuite> <!-- FreeCRMApplicationTestCases -->
