<?xml version="1.0" encoding="UTF-8"?>
<testng-results ignored="0" total="9" passed="9" failed="0" skipped="0">
  <reporter-output>
  </reporter-output>
  <suite started-at="2022-08-10T13:43:21 GMT-06:00" name="Surefire suite" finished-at="2022-08-10T13:44:29 GMT-06:00" duration-ms="67624">
    <groups>
    </groups>
    <test started-at="2022-08-10T13:43:21 GMT-06:00" name="Surefire test" finished-at="2022-08-10T13:44:29 GMT-06:00" duration-ms="67624">
      <class name="com.crm.qa.testcases.HomePageTest">
        <test-method is-config="true" signature="setUp()[pri:0, instance:com.crm.qa.testcases.HomePageTest@64c87930]" started-at="2022-08-10T13:43:50 GMT-06:00" name="setUp" finished-at="2022-08-10T13:43:56 GMT-06:00" duration-ms="5963" status="PASS">
          <reporter-output>
          </reporter-output>
        </test-method> <!-- setUp -->
        <test-method signature="verifyHomePageTitleTest()[pri:1, instance:com.crm.qa.testcases.HomePageTest@64c87930]" started-at="2022-08-10T13:43:56 GMT-06:00" name="verifyHomePageTitleTest" finished-at="2022-08-10T13:43:56 GMT-06:00" duration-ms="6" status="PASS">
          <reporter-output>
          </reporter-output>
        </test-method> <!-- verifyHomePageTitleTest -->
        <test-method is-config="true" signature="tearDown()[pri:0, instance:com.crm.qa.testcases.HomePageTest@64c87930]" started-at="2022-08-10T13:43:56 GMT-06:00" name="tearDown" finished-at="2022-08-10T13:43:56 GMT-06:00" duration-ms="155" status="PASS">
          <reporter-output>
          </reporter-output>
        </test-method> <!-- tearDown -->
        <test-method is-config="true" signature="setUp()[pri:0, instance:com.crm.qa.testcases.HomePageTest@64c87930]" started-at="2022-08-10T13:43:56 GMT-06:00" name="setUp" finished-at="2022-08-10T13:44:03 GMT-06:00" duration-ms="7209" status="PASS">
          <reporter-output>
          </reporter-output>
        </test-method> <!-- setUp -->
        <test-method signature="verifyUserNameTest()[pri:2, instance:com.crm.qa.testcases.HomePageTest@64c87930]" started-at="2022-08-10T13:44:03 GMT-06:00" name="verifyUserNameTest" finished-at="2022-08-10T13:44:04 GMT-06:00" duration-ms="67" status="PASS">
          <reporter-output>
          </reporter-output>
        </test-method> <!-- verifyUserNameTest -->
        <test-method is-config="true" signature="tearDown()[pri:0, instance:com.crm.qa.testcases.HomePageTest@64c87930]" started-at="2022-08-10T13:44:04 GMT-06:00" name="tearDown" finished-at="2022-08-10T13:44:04 GMT-06:00" duration-ms="134" status="PASS">
          <reporter-output>
          </reporter-output>
        </test-method> <!-- tearDown -->
        <test-method is-config="true" signature="setUp()[pri:0, instance:com.crm.qa.testcases.HomePageTest@64c87930]" started-at="2022-08-10T13:44:04 GMT-06:00" name="setUp" finished-at="2022-08-10T13:44:10 GMT-06:00" duration-ms="6788" status="PASS">
          <reporter-output>
          </reporter-output>
        </test-method> <!-- setUp -->
        <test-method signature="verifyContactsLinkTest()[pri:3, instance:com.crm.qa.testcases.HomePageTest@64c87930]" started-at="2022-08-10T13:44:10 GMT-06:00" name="verifyContactsLinkTest" finished-at="2022-08-10T13:44:11 GMT-06:00" duration-ms="502" status="PASS">
          <reporter-output>
          </reporter-output>
        </test-method> <!-- verifyContactsLinkTest -->
        <test-method is-config="true" signature="tearDown()[pri:0, instance:com.crm.qa.testcases.HomePageTest@64c87930]" started-at="2022-08-10T13:44:11 GMT-06:00" name="tearDown" finished-at="2022-08-10T13:44:11 GMT-06:00" duration-ms="138" status="PASS">
          <reporter-output>
          </reporter-output>
        </test-method> <!-- tearDown -->
      </class> <!-- com.crm.qa.testcases.HomePageTest -->
      <class name="com.crm.qa.testcases.ContactsPageTest">
        <test-method is-config="true" signature="setUp()[pri:0, instance:com.crm.qa.testcases.ContactsPageTest@429bd883]" started-at="2022-08-10T13:43:21 GMT-06:00" name="setUp" finished-at="2022-08-10T13:43:32 GMT-06:00" duration-ms="10828" status="PASS">
          <reporter-output>
          </reporter-output>
        </test-method> <!-- setUp -->
        <test-method signature="verifyContactsPageLabel()[pri:1, instance:com.crm.qa.testcases.ContactsPageTest@429bd883]" started-at="2022-08-10T13:43:32 GMT-06:00" name="verifyContactsPageLabel" finished-at="2022-08-10T13:43:32 GMT-06:00" duration-ms="42" status="PASS">
          <reporter-output>
          </reporter-output>
        </test-method> <!-- verifyContactsPageLabel -->
        <test-method is-config="true" signature="tearDown()[pri:0, instance:com.crm.qa.testcases.ContactsPageTest@429bd883]" started-at="2022-08-10T13:43:32 GMT-06:00" name="tearDown" finished-at="2022-08-10T13:43:32 GMT-06:00" duration-ms="189" status="PASS">
          <reporter-output>
          </reporter-output>
        </test-method> <!-- tearDown -->
        <test-method is-config="true" signature="setUp()[pri:0, instance:com.crm.qa.testcases.ContactsPageTest@429bd883]" started-at="2022-08-10T13:43:32 GMT-06:00" name="setUp" finished-at="2022-08-10T13:43:40 GMT-06:00" duration-ms="7888" status="PASS">
          <reporter-output>
          </reporter-output>
        </test-method> <!-- setUp -->
        <test-method signature="selectSingleContactsTest()[pri:2, instance:com.crm.qa.testcases.ContactsPageTest@429bd883]" started-at="2022-08-10T13:43:40 GMT-06:00" name="selectSingleContactsTest" finished-at="2022-08-10T13:43:40 GMT-06:00" duration-ms="60" status="PASS">
          <reporter-output>
          </reporter-output>
        </test-method> <!-- selectSingleContactsTest -->
        <test-method is-config="true" signature="tearDown()[pri:0, instance:com.crm.qa.testcases.ContactsPageTest@429bd883]" started-at="2022-08-10T13:43:40 GMT-06:00" name="tearDown" finished-at="2022-08-10T13:43:40 GMT-06:00" duration-ms="159" status="PASS">
          <reporter-output>
          </reporter-output>
        </test-method> <!-- tearDown -->
        <test-method is-config="true" signature="setUp()[pri:0, instance:com.crm.qa.testcases.ContactsPageTest@429bd883]" started-at="2022-08-10T13:43:40 GMT-06:00" name="setUp" finished-at="2022-08-10T13:43:50 GMT-06:00" duration-ms="9383" status="PASS">
          <reporter-output>
          </reporter-output>
        </test-method> <!-- setUp -->
        <test-method signature="selectMultipleContactsTest()[pri:3, instance:com.crm.qa.testcases.ContactsPageTest@429bd883]" started-at="2022-08-10T13:43:50 GMT-06:00" name="selectMultipleContactsTest" finished-at="2022-08-10T13:43:50 GMT-06:00" duration-ms="133" status="PASS">
          <reporter-output>
          </reporter-output>
        </test-method> <!-- selectMultipleContactsTest -->
        <test-method is-config="true" signature="tearDown()[pri:0, instance:com.crm.qa.testcases.ContactsPageTest@429bd883]" started-at="2022-08-10T13:43:50 GMT-06:00" name="tearDown" finished-at="2022-08-10T13:43:50 GMT-06:00" duration-ms="133" status="PASS">
          <reporter-output>
          </reporter-output>
        </test-method> <!-- tearDown -->
      </class> <!-- com.crm.qa.testcases.ContactsPageTest -->
      <class name="com.crm.qa.testcases.LoginPageTest">
        <test-method is-config="true" signature="setUp()[pri:0, instance:com.crm.qa.testcases.LoginPageTest@400cff1a]" started-at="2022-08-10T13:44:11 GMT-06:00" name="setUp" finished-at="2022-08-10T13:44:14 GMT-06:00" duration-ms="2567" status="PASS">
          <reporter-output>
          </reporter-output>
        </test-method> <!-- setUp -->
        <test-method signature="loginPageTitleTest()[pri:1, instance:com.crm.qa.testcases.LoginPageTest@400cff1a]" started-at="2022-08-10T13:44:14 GMT-06:00" name="loginPageTitleTest" finished-at="2022-08-10T13:44:14 GMT-06:00" duration-ms="20" status="PASS">
          <reporter-output>
          </reporter-output>
        </test-method> <!-- loginPageTitleTest -->
        <test-method is-config="true" signature="tearDown()[pri:0, instance:com.crm.qa.testcases.LoginPageTest@400cff1a]" started-at="2022-08-10T13:44:14 GMT-06:00" name="tearDown" finished-at="2022-08-10T13:44:14 GMT-06:00" duration-ms="129" status="PASS">
          <reporter-output>
          </reporter-output>
        </test-method> <!-- tearDown -->
        <test-method is-config="true" signature="setUp()[pri:0, instance:com.crm.qa.testcases.LoginPageTest@400cff1a]" started-at="2022-08-10T13:44:14 GMT-06:00" name="setUp" finished-at="2022-08-10T13:44:17 GMT-06:00" duration-ms="2754" status="PASS">
          <reporter-output>
          </reporter-output>
        </test-method> <!-- setUp -->
        <test-method signature="crmLogoImagetest()[pri:2, instance:com.crm.qa.testcases.LoginPageTest@400cff1a]" started-at="2022-08-10T13:44:17 GMT-06:00" name="crmLogoImagetest" finished-at="2022-08-10T13:44:19 GMT-06:00" duration-ms="2046" status="PASS">
          <reporter-output>
          </reporter-output>
        </test-method> <!-- crmLogoImagetest -->
        <test-method is-config="true" signature="tearDown()[pri:0, instance:com.crm.qa.testcases.LoginPageTest@400cff1a]" started-at="2022-08-10T13:44:19 GMT-06:00" name="tearDown" finished-at="2022-08-10T13:44:19 GMT-06:00" duration-ms="106" status="PASS">
          <reporter-output>
          </reporter-output>
        </test-method> <!-- tearDown -->
        <test-method is-config="true" signature="setUp()[pri:0, instance:com.crm.qa.testcases.LoginPageTest@400cff1a]" started-at="2022-08-10T13:44:19 GMT-06:00" name="setUp" finished-at="2022-08-10T13:44:23 GMT-06:00" duration-ms="4699" status="PASS">
          <reporter-output>
          </reporter-output>
        </test-method> <!-- setUp -->
        <test-method signature="loginTest()[pri:3, instance:com.crm.qa.testcases.LoginPageTest@400cff1a]" started-at="2022-08-10T13:44:23 GMT-06:00" name="loginTest" finished-at="2022-08-10T13:44:29 GMT-06:00" duration-ms="5309" status="PASS">
          <reporter-output>
          </reporter-output>
        </test-method> <!-- loginTest -->
        <test-method is-config="true" signature="tearDown()[pri:0, instance:com.crm.qa.testcases.LoginPageTest@400cff1a]" started-at="2022-08-10T13:44:29 GMT-06:00" name="tearDown" finished-at="2022-08-10T13:44:29 GMT-06:00" duration-ms="163" status="PASS">
          <reporter-output>
          </reporter-output>
        </test-method> <!-- tearDown -->
      </class> <!-- com.crm.qa.testcases.LoginPageTest -->
    </test> <!-- Surefire test -->
  </suite> <!-- Surefire suite -->
</testng-results>
